<?xml version="1.0" encoding="UTF-8"?>
<!-- Generated by org.testng.reporters.JUnitReportReporter -->
<testsuite skipped="0" hostname="DESKTOP-UOOK2F9" name="utils.Assertions" tests="1" failures="0" timestamp="2021-03-31T14:58:29 CDT" time="4.831" errors="0">
  <testcase name="testAssertFunctions" time="4.831" classname="utils.Assertions"/>
  <system-out/>
</testsuite> <!-- utils.Assertions -->
