<?xml version="1.0" encoding="UTF-8"?>
<!-- Generated by org.testng.reporters.JUnitReportReporter -->
<testsuite skipped="0" hostname="DESKTOP-UOOK2F9" name="utils.ExcelDataProvider" tests="2" failures="0" timestamp="2021-03-21T00:51:37 CDT" time="10.452" errors="0">
  <testcase name="search" time="5.940" classname="utils.ExcelDataProvider"/>
  <system-out>
Keyword entered is : Selenium Hyd Search results are displayed.  </system-out>
  <testcase name="search" time="4.512" classname="utils.ExcelDataProvider"/>
  <system-out>
Keyword entered is : Jira US Search results are displayed.  </system-out>
</testsuite> <!-- utils.ExcelDataProvider -->
